<?xml version="1.0" encoding="UTF-8"?>
<!-- Generated by org.testng.reporters.JUnitReportReporter -->
<testsuite hostname="LTIN201292" failures="0" tests="10" name="testCases.TC002_HomeLoan_Calculator" time="43.891" errors="0" timestamp="2024-03-05T11:18:41 IST" skipped="0">
  <testcase classname="testCases.TC002_HomeLoan_Calculator" name="Test2_001" time="2.448"/>
  <system-out/>
  <testcase classname="testCases.TC002_HomeLoan_Calculator" name="Test2_001" time="3.416"/>
  <system-out/>
  <testcase classname="testCases.TC002_HomeLoan_Calculator" name="Test2_002" time="0.028"/>
  <system-out/>
  <testcase classname="testCases.TC002_HomeLoan_Calculator" name="Test2_002" time="0.072"/>
  <system-out/>
  <testcase classname="testCases.TC002_HomeLoan_Calculator" name="Test2_003" time="0.836"/>
  <system-out/>
  <testcase classname="testCases.TC002_HomeLoan_Calculator" name="Test2_003" time="1.251"/>
  <system-out/>
  <testcase classname="testCases.TC002_HomeLoan_Calculator" name="Test2_004" time="8.070"/>
  <system-out/>
  <testcase classname="testCases.TC002_HomeLoan_Calculator" name="Test2_004" time="8.406"/>
  <system-out/>
  <testcase classname="testCases.TC002_HomeLoan_Calculator" name="Test2_005" time="11.919"/>
  <system-out/>
  <testcase classname="testCases.TC002_HomeLoan_Calculator" name="Test2_005" time="7.445"/>
  <system-out/>
</testsuite> <!-- testCases.TC002_HomeLoan_Calculator -->
