<?xml version="1.0" encoding="UTF-8"?>
<!-- Generated by org.testng.reporters.JUnitReportReporter -->
<testsuite hostname="LTIN201292" failures="0" tests="3" name="testCases.TC003_Emi_Calculator" time="1.410" errors="0" timestamp="2024-02-29T17:29:56 IST" skipped="0">
  <testcase classname="testCases.TC003_Emi_Calculator" name="TC003_Test1" time="0.876"/>
  <system-out/>
  <testcase classname="testCases.TC003_Emi_Calculator" name="TC003_Test2" time="0.020"/>
  <system-out/>
  <testcase classname="testCases.TC003_Emi_Calculator" name="TC003_Test3" time="0.514"/>
  <system-out/>
</testsuite> <!-- testCases.TC003_Emi_Calculator -->
