<?xml version="1.0" encoding="UTF-8"?>
<!-- Generated by org.testng.reporters.JUnitReportReporter -->
<testsuite hostname="LTIN201292" failures="0" tests="8" name="testCases.TC001_CarLoan_Calculator" time="13.219" errors="0" timestamp="2024-03-07T09:49:01 IST" skipped="0">
  <testcase classname="testCases.TC001_CarLoan_Calculator" name="Test1_001" time="0.545"/>
  <system-out/>
  <testcase classname="testCases.TC001_CarLoan_Calculator" name="Test1_001" time="0.261"/>
  <system-out/>
  <testcase classname="testCases.TC001_CarLoan_Calculator" name="Test1_002" time="0.066"/>
  <system-out/>
  <testcase classname="testCases.TC001_CarLoan_Calculator" name="Test1_003" time="3.237"/>
  <system-out/>
  <testcase classname="testCases.TC001_CarLoan_Calculator" name="Test1_002" time="0.046"/>
  <system-out/>
  <testcase classname="testCases.TC001_CarLoan_Calculator" name="Test1_003" time="3.419"/>
  <system-out/>
  <testcase classname="testCases.TC001_CarLoan_Calculator" name="Test1_004" time="3.824"/>
  <system-out/>
  <testcase classname="testCases.TC001_CarLoan_Calculator" name="Test1_004" time="1.821"/>
  <system-out/>
</testsuite> <!-- testCases.TC001_CarLoan_Calculator -->
