<?xml version="1.0" encoding="UTF-8"?>
<!-- Generated by org.testng.reporters.JUnitReportReporter -->
<testsuite hostname="LTIN201292" failures="0" tests="6" name="testCases.TC003_Emi_Calculator" time="6.408" errors="0" timestamp="2024-03-05T11:18:41 IST" skipped="0">
  <testcase classname="testCases.TC003_Emi_Calculator" name="TC003_Test1" time="2.219"/>
  <system-out/>
  <testcase classname="testCases.TC003_Emi_Calculator" name="TC003_Test1" time="2.424"/>
  <system-out/>
  <testcase classname="testCases.TC003_Emi_Calculator" name="TC003_Test2" time="0.025"/>
  <system-out/>
  <testcase classname="testCases.TC003_Emi_Calculator" name="TC003_Test2" time="0.027"/>
  <system-out/>
  <testcase classname="testCases.TC003_Emi_Calculator" name="TC003_Test3" time="0.802"/>
  <system-out/>
  <testcase classname="testCases.TC003_Emi_Calculator" name="TC003_Test3" time="0.911"/>
  <system-out/>
</testsuite> <!-- testCases.TC003_Emi_Calculator -->
