<?xml version="1.0" encoding="UTF-8"?>
<!-- Generated by org.testng.reporters.JUnitReportReporter -->
<testsuite hostname="LTIN201292" failures="0" tests="4" name="testCases.TC001_CarLoan_Calculator" time="5.111" errors="0" timestamp="2024-02-29T17:29:56 IST" skipped="0">
  <testcase classname="testCases.TC001_CarLoan_Calculator" name="Test1_001" time="0.373"/>
  <system-out/>
  <testcase classname="testCases.TC001_CarLoan_Calculator" name="Test1_002" time="0.028"/>
  <system-out/>
  <testcase classname="testCases.TC001_CarLoan_Calculator" name="Test1_003" time="3.024"/>
  <system-out/>
  <testcase classname="testCases.TC001_CarLoan_Calculator" name="Test1_004" time="1.686"/>
  <system-out/>
</testsuite> <!-- testCases.TC001_CarLoan_Calculator -->
