<?xml version="1.0" encoding="UTF-8"?>
<!-- Generated by org.testng.reporters.JUnitReportReporter -->
<testsuite hostname="LTIN201292" failures="0" tests="5" name="testCases.TC002_HomeLoan_Calculator" time="10.327" errors="0" timestamp="2024-02-29T17:29:56 IST" skipped="0">
  <testcase classname="testCases.TC002_HomeLoan_Calculator" name="Test2_002" time="0.015"/>
  <system-out/>
  <testcase classname="testCases.TC002_HomeLoan_Calculator" name="Test2_001" time="1.112"/>
  <system-out/>
  <testcase classname="testCases.TC002_HomeLoan_Calculator" name="Test2_003" time="0.520"/>
  <system-out/>
  <testcase classname="testCases.TC002_HomeLoan_Calculator" name="Test2_004" time="1.564"/>
  <system-out/>
  <testcase classname="testCases.TC002_HomeLoan_Calculator" name="Test2_005" time="7.116"/>
  <system-out/>
</testsuite> <!-- testCases.TC002_HomeLoan_Calculator -->
