<?xml version="1.0" encoding="UTF-8"?>
<!-- Generated by org.testng.reporters.JUnitReportReporter -->
<testsuite hostname="LTIN201292" failures="0" tests="1" name="testCases.TC004_LoanAmount_Calculator" time="0.651" errors="0" timestamp="2024-02-29T17:29:56 IST" skipped="0">
  <testcase classname="testCases.TC004_LoanAmount_Calculator" name="Test4_001" time="0.651"/>
  <system-out/>
</testsuite> <!-- testCases.TC004_LoanAmount_Calculator -->
