<?xml version="1.0" encoding="UTF-8"?>
<!-- Generated by org.testng.reporters.JUnitReportReporter -->
<testsuite hostname="LTIN201292" failures="0" tests="10" name="testCases.TC002_HomeLoan_Calculator" time="49.166" errors="0" timestamp="2024-03-07T09:49:01 IST" skipped="0">
  <testcase classname="testCases.TC002_HomeLoan_Calculator" name="Test2_002" time="0.040"/>
  <system-out/>
  <testcase classname="testCases.TC002_HomeLoan_Calculator" name="Test2_002" time="0.043"/>
  <system-out/>
  <testcase classname="testCases.TC002_HomeLoan_Calculator" name="Test2_001" time="2.954"/>
  <system-out/>
  <testcase classname="testCases.TC002_HomeLoan_Calculator" name="Test2_001" time="1.792"/>
  <system-out/>
  <testcase classname="testCases.TC002_HomeLoan_Calculator" name="Test2_003" time="1.353"/>
  <system-out/>
  <testcase classname="testCases.TC002_HomeLoan_Calculator" name="Test2_003" time="0.796"/>
  <system-out/>
  <testcase classname="testCases.TC002_HomeLoan_Calculator" name="Test2_004" time="8.935"/>
  <system-out/>
  <testcase classname="testCases.TC002_HomeLoan_Calculator" name="Test2_004" time="7.314"/>
  <system-out/>
  <testcase classname="testCases.TC002_HomeLoan_Calculator" name="Test2_005" time="14.406"/>
  <system-out/>
  <testcase classname="testCases.TC002_HomeLoan_Calculator" name="Test2_005" time="11.533"/>
  <system-out/>
</testsuite> <!-- testCases.TC002_HomeLoan_Calculator -->
