<?xml version="1.0" encoding="UTF-8"?>
<!-- Generated by org.testng.reporters.JUnitReportReporter -->
<testsuite hostname="LTIN201292" failures="0" tests="8" name="testCases.TC001_CarLoan_Calculator" time="13.275" errors="0" timestamp="2024-03-05T11:18:41 IST" skipped="0">
  <testcase classname="testCases.TC001_CarLoan_Calculator" name="Test1_001" time="0.631"/>
  <system-out/>
  <testcase classname="testCases.TC001_CarLoan_Calculator" name="Test1_001" time="0.465"/>
  <system-out/>
  <testcase classname="testCases.TC001_CarLoan_Calculator" name="Test1_003" time="5.766"/>
  <system-out/>
  <testcase classname="testCases.TC001_CarLoan_Calculator" name="Test1_002" time="0.032"/>
  <system-out/>
  <testcase classname="testCases.TC001_CarLoan_Calculator" name="Test1_003" time="1.919"/>
  <system-out/>
  <testcase classname="testCases.TC001_CarLoan_Calculator" name="Test1_002" time="0.051"/>
  <system-out/>
  <testcase classname="testCases.TC001_CarLoan_Calculator" name="Test1_004" time="2.036"/>
  <system-out/>
  <testcase classname="testCases.TC001_CarLoan_Calculator" name="Test1_004" time="2.375"/>
  <system-out/>
</testsuite> <!-- testCases.TC001_CarLoan_Calculator -->
