<?xml version="1.0" encoding="UTF-8"?>
<!-- Generated by org.testng.reporters.JUnitReportReporter -->
<testsuite hostname="LTIN201292" failures="0" tests="6" name="testCases.TC003_Emi_Calculator" time="7.173" errors="0" timestamp="2024-03-07T09:49:01 IST" skipped="0">
  <testcase classname="testCases.TC003_Emi_Calculator" name="TC003_Test1" time="1.659"/>
  <system-out/>
  <testcase classname="testCases.TC003_Emi_Calculator" name="TC003_Test1" time="3.405"/>
  <system-out/>
  <testcase classname="testCases.TC003_Emi_Calculator" name="TC003_Test2" time="0.021"/>
  <system-out/>
  <testcase classname="testCases.TC003_Emi_Calculator" name="TC003_Test2" time="0.032"/>
  <system-out/>
  <testcase classname="testCases.TC003_Emi_Calculator" name="TC003_Test3" time="0.956"/>
  <system-out/>
  <testcase classname="testCases.TC003_Emi_Calculator" name="TC003_Test3" time="1.100"/>
  <system-out/>
</testsuite> <!-- testCases.TC003_Emi_Calculator -->
