<?xml version="1.0" encoding="UTF-8"?>
<!-- Generated by org.testng.reporters.JUnitReportReporter -->
<testsuite hostname="LTIN201292" failures="0" tests="2" name="testCases.TC004_LoanAmount_Calculator" time="3.362" errors="0" timestamp="2024-03-05T11:18:41 IST" skipped="0">
  <testcase classname="testCases.TC004_LoanAmount_Calculator" name="Test4_001" time="1.994"/>
  <system-out/>
  <testcase classname="testCases.TC004_LoanAmount_Calculator" name="Test4_001" time="1.368"/>
  <system-out/>
</testsuite> <!-- testCases.TC004_LoanAmount_Calculator -->
