<?xml version="1.0" encoding="UTF-8"?>
<!-- Generated by org.testng.reporters.JUnitReportReporter -->
<testsuite hostname="LTIN201292" failures="0" tests="2" name="testCases.TC005_LoanTenure_Calculator" time="2.121" errors="0" timestamp="2024-03-05T11:18:41 IST" skipped="0">
  <testcase classname="testCases.TC005_LoanTenure_Calculator" name="Test5_001" time="1.130"/>
  <system-out/>
  <testcase classname="testCases.TC005_LoanTenure_Calculator" name="Test5_001" time="0.991"/>
  <system-out/>
</testsuite> <!-- testCases.TC005_LoanTenure_Calculator -->
