<?xml version="1.0" encoding="UTF-8"?>
<!-- Generated by org.testng.reporters.JUnitReportReporter -->
<testsuite hostname="LTIN201292" failures="0" tests="2" name="testCases.TC004_LoanAmount_Calculator" time="3.256" errors="0" timestamp="2024-03-07T09:49:01 IST" skipped="0">
  <testcase classname="testCases.TC004_LoanAmount_Calculator" name="Test4_001" time="1.238"/>
  <system-out/>
  <testcase classname="testCases.TC004_LoanAmount_Calculator" name="Test4_001" time="2.018"/>
  <system-out/>
</testsuite> <!-- testCases.TC004_LoanAmount_Calculator -->
